<?xml version="1.0" encoding="UTF-8"?>
<testsuite xmlns:xsi="http://www.w3.org/2001/XMLSchema-instance" xsi:noNamespaceSchemaLocation="https://maven.apache.org/surefire/maven-surefire-plugin/xsd/surefire-test-report.xsd" version="3.0.2" name="com.dbtraining.reconx.service.TradeAnalyticsServiceTest" time="0.063" tests="2" errors="0" skipped="0" failures="0">
  <properties>
[...]
</properties>
  <testcase name="pnlByInstrument_sumsSignedPnlPerInstrument" classname="com.dbtraining.reconx.service.TradeAnalyticsServiceTest" time="0.031"/>
  <testcase name="notionalByCounterparty_groupsTradesAndSumsNotionalPerCounterparty" classname="com.dbtraining.reconx.service.TradeAnalyticsServiceTest" time="0.016"/>
</testsuite>